SF:lib/screens/utils/delta_formatter.dart
DA:6,1
DA:7,1
DA:8,1
DA:10,1
DA:11,2
DA:12,2
DA:16,2
DA:17,2
DA:18,2
DA:21,2
DA:23,1
LF:11
LH:11
end_of_record
SF:lib/services/time_calculator_service.dart
DA:47,1
DA:52,0
DA:56,1
DA:60,1
DA:64,2
DA:65,1
DA:68,1
DA:76,1
DA:79,1
DA:82,1
DA:85,1
LF:11
LH:10
end_of_record
SF:lib/models/local_time_result.dart
DA:16,1
DA:23,0
DA:25,0
LF:3
LH:1
end_of_record
SF:lib/models/app_theme.dart
DA:32,2
DA:45,2
DA:57,2
DA:67,3
DA:72,1
DA:73,2
DA:74,0
DA:80,6
DA:81,2
DA:86,2
DA:89,2
DA:94,2
DA:97,2
DA:102,2
DA:105,2
DA:110,2
DA:113,2
DA:119,2
DA:121,0
DA:122,0
DA:123,0
DA:127,2
DA:132,2
DA:135,2
DA:140,2
DA:143,2
DA:148,2
DA:150,0
DA:153,0
DA:158,0
DA:160,0
DA:163,2
DA:165,2
DA:170,2
DA:172,0
DA:173,0
DA:175,2
DA:180,2
DA:182,0
DA:183,0
DA:184,0
DA:189,0
DA:190,0
DA:191,0
DA:192,0
DA:196,2
DA:197,4
DA:201,0
DA:202,0
DA:206,1
DA:207,3
DA:210,0
DA:211,0
DA:216,0
DA:217,0
LF:55
LH:32
end_of_record
SF:lib/models/theme_types.dart
DA:33,2
LF:1
LH:1
end_of_record
SF:lib/models/themes/premium_themes.dart
DA:34,0
DA:35,0
DA:36,0
DA:37,0
DA:41,0
DA:42,0
DA:45,0
DA:46,0
DA:51,0
DA:53,0
DA:56,0
LF:11
LH:0
end_of_record
SF:lib/models/themes/skin_themes.dart
DA:34,2
LF:1
LH:1
end_of_record
SF:lib/themes/skins/retro_flip_clock.dart
DA:10,0
DA:15,0
DA:19,0
DA:20,0
DA:22,0
DA:23,0
DA:24,0
DA:25,0
DA:27,0
DA:29,0
DA:30,0
DA:31,0
DA:46,0
DA:52,0
DA:53,0
DA:65,0
DA:67,0
DA:69,0
DA:70,0
DA:71,0
DA:74,0
DA:75,0
DA:79,0
DA:81,0
DA:82,0
DA:83,0
DA:86,0
DA:87,0
DA:89,0
DA:93,0
DA:95,0
DA:97,0
DA:101,0
DA:102,0
DA:106,0
DA:109,0
DA:110,0
DA:111,0
DA:114,0
DA:116,0
DA:117,0
DA:120,0
DA:122,0
DA:123,0
DA:126,0
DA:127,0
DA:128,0
DA:129,0
DA:131,0
DA:132,0
DA:135,0
DA:136,0
DA:137,0
DA:138,0
DA:139,0
DA:140,0
DA:141,0
DA:142,0
DA:151,0
DA:152,0
DA:153,0
DA:154,0
DA:155,0
DA:156,0
DA:168,0
DA:173,0
DA:175,0
DA:176,0
DA:177,0
DA:178,0
DA:182,0
DA:183,0
DA:184,0
DA:185,0
DA:189,0
DA:190,0
DA:191,0
DA:194,0
DA:197,0
DA:198,0
DA:199,0
DA:202,0
DA:203,0
DA:204,0
DA:209,0
DA:211,0
DA:212,0
DA:213,0
DA:215,0
DA:216,0
DA:217,0
DA:221,0
DA:222,0
DA:223,0
DA:229,0
DA:230,0
DA:231,0
DA:233,0
DA:235,0
DA:244,0
DA:246,0
DA:249,0
DA:250,0
DA:251,0
DA:263,2
DA:265,0
DA:268,0
DA:270,0
DA:272,0
DA:274,0
DA:289,0
DA:291,0
DA:293,0
DA:294,0
DA:296,0
DA:299,0
DA:301,0
LF:117
LH:1
end_of_record
SF:lib/themes/skins/neon_tokyo.dart
DA:14,0
DA:16,0
DA:17,0
DA:31,0
DA:33,0
DA:34,0
DA:37,0
DA:38,0
DA:39,0
DA:40,0
DA:43,0
DA:44,0
DA:45,0
DA:46,0
DA:47,0
DA:48,0
DA:49,0
DA:51,0
DA:54,0
DA:55,0
DA:56,0
DA:57,0
DA:60,0
DA:62,0
DA:63,0
DA:66,0
DA:67,0
DA:70,0
DA:75,0
DA:77,0
DA:78,0
DA:79,0
DA:80,0
DA:89,0
DA:91,0
DA:92,0
DA:93,0
DA:94,0
DA:96,0
DA:97,0
DA:99,0
DA:101,0
DA:102,0
DA:103,0
DA:115,2
DA:117,0
DA:119,0
LF:47
LH:1
end_of_record
SF:lib/screens/widgets/home_theme_menu_parts/theme_gallery_card.dart
DA:16,1
DA:27,1
DA:28,2
DA:33,1
DA:35,2
DA:36,2
DA:38,3
DA:40,1
DA:41,0
DA:42,0
DA:44,0
DA:45,0
DA:46,0
DA:47,0
DA:50,0
DA:52,1
DA:54,1
DA:55,1
DA:56,1
DA:57,1
DA:58,1
DA:59,2
DA:60,1
DA:62,1
DA:63,1
DA:64,2
DA:70,1
DA:71,1
DA:72,1
DA:74,1
DA:75,2
DA:76,1
DA:77,1
DA:78,1
DA:79,1
DA:80,0
DA:81,0
DA:82,1
DA:84,0
DA:86,1
DA:88,1
DA:90,1
DA:93,1
DA:94,1
DA:95,1
DA:98,3
DA:99,2
DA:103,2
DA:109,1
DA:110,1
DA:112,1
DA:113,1
DA:114,1
DA:115,1
DA:118,0
DA:119,0
DA:123,0
DA:132,0
DA:133,0
DA:135,0
DA:136,0
DA:139,0
DA:140,0
DA:144,0
DA:156,2
DA:157,1
DA:160,1
DA:163,1
DA:164,1
DA:167,1
DA:174,1
DA:175,1
DA:178,1
DA:181,1
DA:182,1
DA:184,1
DA:185,1
LF:77
LH:57
end_of_record
